<?xml version="1.0" encoding="UTF-8"?>
<testsuite name="wallServiceTest" tests="3" skipped="0" failures="0" errors="0" timestamp="2024-09-22T10:21:01" hostname="HOME-PC" time="0.021">
  <properties/>
  <testcase name="addPost" classname="wallServiceTest" time="0.021"/>
  <testcase name="updatePostFalse" classname="wallServiceTest" time="0.0"/>
  <testcase name="updatePostTrue" classname="wallServiceTest" time="0.0"/>
  <system-out><![CDATA[]]></system-out>
  <system-err><![CDATA[]]></system-err>
</testsuite>
