<?xml version="1.0" encoding="UTF-8"?>
<testsuite name="wallServiceTest" tests="3" skipped="0" failures="0" errors="0" timestamp="2024-09-22T12:24:33" hostname="HOME-PC" time="0.023">
  <properties/>
  <testcase name="addPost" classname="wallServiceTest" time="0.022"/>
  <testcase name="updatePostFalse" classname="wallServiceTest" time="0.001"/>
  <testcase name="updatePostTrue" classname="wallServiceTest" time="0.0"/>
  <system-out><![CDATA[]]></system-out>
  <system-err><![CDATA[]]></system-err>
</testsuite>
